 
****************************************
Report : timing
        -path full
        -delay max
        -max_paths 1
Design : SIPISOALU
Version: S-2021.06-SP4
Date   : Sat Apr 19 01:05:30 2025
****************************************

Operating Conditions: typical   Library: NangateOpenCellLibrary
Wire Load Model Mode: top

  Startpoint: control/CURRENT_STATE_reg[2]
              (rising edge-triggered flip-flop clocked by CLK)
  Endpoint: control/CURRENT_STATE_reg[2]
            (rising edge-triggered flip-flop clocked by CLK)
  Path Group: CLK
  Path Type: max

  Des/Clust/Port     Wire Load Model       Library
  ------------------------------------------------
  SIPISOALU          5K_hvratio_1_1        NangateOpenCellLibrary

  Point                                                   Incr       Path
  --------------------------------------------------------------------------
  clock CLK (rise edge)                                   0.00       0.00
  clock network delay (ideal)                             0.00       0.00
  control/CURRENT_STATE_reg[2]/CK (DFFR_X1)               0.00       0.00 r
  control/CURRENT_STATE_reg[2]/QN (DFFR_X1)               0.07       0.07 f
  control/U10/Z (BUF_X1)                                  0.04       0.11 f
  control/U40/ZN (NAND4_X1)                               0.04       0.15 r
  control/U11/ZN (OAI211_X1)                              0.05       0.20 f
  control/U32/ZN (INV_X1)                                 0.03       0.23 r
  control/U30/ZN (OAI21_X1)                               0.03       0.26 f
  control/U18/ZN (NOR3_X1)                                0.05       0.31 r
  control/U17/ZN (OAI21_X1)                               0.03       0.35 f
  control/CURRENT_STATE_reg[2]/D (DFFR_X1)                0.01       0.35 f
  data arrival time                                                  0.35

  clock CLK (rise edge)                                   0.31       0.31
  clock network delay (ideal)                             0.00       0.31
  control/CURRENT_STATE_reg[2]/CK (DFFR_X1)               0.00       0.31 r
  library setup time                                     -0.04       0.27
  data required time                                                 0.27
  --------------------------------------------------------------------------
  data required time                                                 0.27
  data arrival time                                                 -0.35
  --------------------------------------------------------------------------
  slack (VIOLATED)                                                  -0.09


1
