 
****************************************
Report : power
        -cell
        -analysis_effort low
        -sort_mode cell_internal_power
Design : SIPISOALU
Version: S-2021.06-SP4
Date   : Sat Apr 19 01:05:30 2025
****************************************


Library(s) Used:

    NangateOpenCellLibrary (File: /home/mariagrazia.graziano/do/libnangate/NangateOpenCellLibrary_typical_ecsm.db)


Operating Conditions: typical   Library: NangateOpenCellLibrary
Wire Load Model Mode: top

Design        Wire Load Model            Library
------------------------------------------------
SIPISOALU              5K_hvratio_1_1    NangateOpenCellLibrary


Global Operating Voltage = 1.1  
Power-specific unit information :
    Voltage Units = 1V
    Capacitance Units = 1.000000ff
    Time Units = 1ns
    Dynamic Power Units = 1uW    (derived from V,C,T units)
    Leakage Power Units = 1nW



  Attributes
  ----------
      h  -  Hierarchical cell

                        Cell      Driven Net  Tot Dynamic      Cell
                        Internal  Switching   Power            Leakage
Cell                    Power     Power       (% Cell/Tot)     Power      Attrs
--------------------------------------------------------------------------------
control                  160.5141       N/A        N/A (N/A)   2030.2764  h
SIPO_reg[2]               23.1143    0.0884     23.203 (100%)    79.9741   
PISO_reg[2]               23.0404    0.0124     23.053 (100%)    79.6004   
PISO_reg[1]               23.0403 9.697e-03     23.050 (100%)    79.5618   
PISO_reg[0]               23.0098    0.0498     23.060 (100%)    80.0415   
SIPO_reg[0]               22.8234    0.7176     23.541 (97%)     82.3081   
PISO_reg[3]               22.6824 8.907e-03     22.691 (100%)   115.4762   
PIPO_reg[3]               22.5481    0.1557     22.704 (99%)     80.5644   
PIPO_reg[0]               22.0745    0.5005     22.575 (98%)     81.8952   
PIPO_reg[1]               21.9672    0.4919     22.459 (98%)     81.8835   
SIPO_reg[1]               21.8554    0.5706     22.426 (97%)     81.6684   
PIPO_reg[2]               21.8464    0.2807     22.127 (99%)     81.9727   
U133                       1.1667    0.3470      1.514 (77%)     28.0000   
U135                       0.9196    0.2819      1.202 (77%)     39.9106   
U153                       0.6307    0.2154      0.846 (75%)     38.7099   
U120                       0.4444    0.3582      0.803 (55%)     26.6232   
U140                       0.3988    0.3284      0.727 (55%)     37.7705   
U165                       0.3622    0.3309      0.693 (52%)     34.9625   
U154                       0.3413    0.1176      0.459 (74%)     41.7961   
U159                       0.3207    4.8899      5.211 (6%)      14.3532   
U158                       0.3180    0.1341      0.452 (70%)     34.9065   
U137                       0.3134    0.3855      0.699 (45%)     14.3532   
U148                       0.3035    0.1268      0.430 (71%)     34.8798   
U150                       0.3007    0.1266      0.427 (70%)     34.8926   
U142                       0.2655    0.4780      0.744 (36%)     19.7893   
U136                       0.2426    0.2299      0.472 (51%)     32.9290   
U128                       0.2256    0.2285      0.454 (50%)     57.2471   
U157                       0.1961    0.7495      0.946 (21%)     11.3724   
U145                       0.1920    0.1244      0.316 (61%)     29.1263   
U168                       0.1814    0.0484      0.230 (79%)     62.8634   
U132                       0.1673    0.2061      0.373 (45%)     11.8524   
U160                       0.1242    0.3138      0.438 (28%)      6.7322   
U143                       0.1237    0.0607      0.184 (67%)     43.0435   
U134                       0.1226    0.1522      0.275 (45%)      6.7322   
U129                       0.1189    0.0754      0.194 (61%)     38.8584   
U146                       0.0990    0.0391      0.138 (72%)     34.9056   
U124                       0.0985    0.0592      0.158 (62%)     12.5894   
U127                       0.0944    0.3018      0.396 (24%)     17.6396   
U138                       0.0926    0.1142      0.207 (45%)     11.0668   
U121                       0.0860    0.1101      0.196 (44%)     44.5328   
U122                       0.0853    0.0678      0.153 (56%)     44.5328   
U155                       0.0844    0.0313      0.116 (73%)     44.4679   
U126                       0.0802    0.0834      0.164 (49%)     23.5705   
U123                       0.0800    0.0809      0.161 (50%)     19.3060   
U125                       0.0756    0.0585      0.134 (56%)     20.9459   
U151                       0.0672    0.0546      0.122 (55%)      4.4247   
U149                       0.0658    0.0534      0.119 (55%)      4.4247   
U152                       0.0652    0.0530      0.118 (55%)      4.4247   
U147                       0.0588    0.0552      0.114 (52%)     14.2942   
U139                       0.0566    0.0440      0.101 (56%)     21.5180   
U167                       0.0409    0.0213   6.21e-02 (66%)     20.8360   
U131                       0.0387    0.0396   7.83e-02 (49%)     18.7041   
U164                       0.0336 9.764e-03   4.33e-02 (77%)     72.6876   
U161                       0.0317    0.1117      0.143 (22%)     10.1461   
U141                       0.0283    0.0770      0.105 (27%)      6.1235   
U166                       0.0279 7.879e-03   3.58e-02 (78%)     72.4424   
U163                       0.0193    0.0450   6.43e-02 (30%)      4.1848   
U162                       0.0145    0.0116   2.60e-02 (56%)     23.4132   
U130                    9.761e-03 4.672e-03   1.44e-02 (68%)     20.5128   
U156                    8.499e-03 3.597e-03   1.21e-02 (70%)     47.0975   
U144                    8.045e-04 7.004e-04   1.50e-03 (53%)      3.9697   
--------------------------------------------------------------------------------
Totals (61 cells)        417.739uW     N/A         N/A (N/A)      4.280uW
1
